<?xml version="1.0" encoding="UTF-8"?>
<testng-results ignored="2" total="14" passed="12" failed="0" skipped="0">
  <reporter-output>
  </reporter-output>
  <suite started-at="2021-01-30T16:01:02 EET" name="All Test Suite" finished-at="2021-01-30T16:01:45 EET" duration-ms="42657">
    <groups>
    </groups>
    <test started-at="2021-01-30T16:01:02 EET" name="C:/Users/mayad/Desktop/VOISTask" finished-at="2021-01-30T16:01:45 EET" duration-ms="42657">
      <class name="tests.PurchaseProduct">
        <test-method signature="UserCanSelectBlousesMenu()[pri:1, instance:tests.PurchaseProduct@25c2a9e3]" started-at="2021-01-30T16:01:23 EET" name="UserCanSelectBlousesMenu" finished-at="2021-01-30T16:01:28 EET" duration-ms="4429" status="PASS">
          <reporter-output>
          </reporter-output>
        </test-method> <!-- UserCanSelectBlousesMenu -->
        <test-method signature="UserCanSelectResultedProduct()[pri:0, instance:tests.PurchaseProduct@25c2a9e3]" started-at="2021-01-30T16:01:28 EET" name="UserCanSelectResultedProduct" finished-at="2021-01-30T16:01:28 EET" depends-on-methods="tests.PurchaseProduct.UserCanSelectBlousesMenu" duration-ms="376" status="PASS">
          <reporter-output>
          </reporter-output>
        </test-method> <!-- UserCanSelectResultedProduct -->
        <test-method signature="UserCanProceedToCheckout()[pri:0, instance:tests.PurchaseProduct@25c2a9e3]" started-at="2021-01-30T16:01:28 EET" name="UserCanProceedToCheckout" finished-at="2021-01-30T16:01:31 EET" depends-on-methods="tests.PurchaseProduct.UserCanSelectResultedProduct" duration-ms="2780" status="PASS">
          <reporter-output>
          </reporter-output>
        </test-method> <!-- UserCanProceedToCheckout -->
        <test-method signature="UserCanProceedToAddress()[pri:0, instance:tests.PurchaseProduct@25c2a9e3]" started-at="2021-01-30T16:01:31 EET" name="UserCanProceedToAddress" finished-at="2021-01-30T16:01:33 EET" depends-on-methods="tests.PurchaseProduct.UserCanProceedToCheckout" duration-ms="2139" status="PASS">
          <reporter-output>
          </reporter-output>
        </test-method> <!-- UserCanProceedToAddress -->
        <test-method signature="UserCanProceedToShipping()[pri:0, instance:tests.PurchaseProduct@25c2a9e3]" started-at="2021-01-30T16:01:33 EET" name="UserCanProceedToShipping" finished-at="2021-01-30T16:01:35 EET" depends-on-methods="tests.PurchaseProduct.UserCanProceedToAddress" duration-ms="1818" status="PASS">
          <reporter-output>
          </reporter-output>
        </test-method> <!-- UserCanProceedToShipping -->
        <test-method signature="UserCanProceedToPayment()[pri:0, instance:tests.PurchaseProduct@25c2a9e3]" started-at="2021-01-30T16:01:35 EET" name="UserCanProceedToPayment" finished-at="2021-01-30T16:01:38 EET" depends-on-methods="tests.PurchaseProduct.UserCanProceedToShipping" duration-ms="2583" status="PASS">
          <reporter-output>
          </reporter-output>
        </test-method> <!-- UserCanProceedToPayment -->
        <test-method signature="UserCanPayByBankWire()[pri:0, instance:tests.PurchaseProduct@25c2a9e3]" started-at="2021-01-30T16:01:38 EET" name="UserCanPayByBankWire" finished-at="2021-01-30T16:01:40 EET" depends-on-methods="tests.PurchaseProduct.UserCanProceedToPayment" duration-ms="2125" status="PASS">
          <reporter-output>
          </reporter-output>
        </test-method> <!-- UserCanPayByBankWire -->
        <test-method signature="UserCanConfirmOrder()[pri:0, instance:tests.PurchaseProduct@25c2a9e3]" started-at="2021-01-30T16:01:40 EET" name="UserCanConfirmOrder" finished-at="2021-01-30T16:01:42 EET" depends-on-methods="tests.PurchaseProduct.UserCanPayByBankWire" duration-ms="2450" status="PASS">
          <reporter-output>
          </reporter-output>
        </test-method> <!-- UserCanConfirmOrder -->
        <test-method signature="ValidateOrderInHistoryPage()[pri:0, instance:tests.PurchaseProduct@25c2a9e3]" started-at="2021-01-30T16:01:42 EET" name="ValidateOrderInHistoryPage" finished-at="2021-01-30T16:01:45 EET" depends-on-methods="tests.PurchaseProduct.UserCanConfirmOrder" duration-ms="2608" status="PASS">
          <reporter-output>
          </reporter-output>
        </test-method> <!-- ValidateOrderInHistoryPage -->
      </class> <!-- tests.PurchaseProduct -->
      <class name="tests.UserRegistrationTest">
        <test-method is-config="true" signature="StartDriver(java.lang.String)[pri:0, instance:tests.UserRegistrationTest@39666e42]" started-at="2021-01-30T16:00:47 EET" name="StartDriver" finished-at="2021-01-30T16:01:02 EET" duration-ms="15376" status="PASS">
          <params>
            <param index="0">
              <value>
                <![CDATA[chrome]]>
              </value>
            </param>
          </params>
          <reporter-output>
          </reporter-output>
        </test-method> <!-- StartDriver -->
        <test-method signature="UserCanRegisterSuccessfully()[pri:1, instance:tests.UserRegistrationTest@39666e42]" started-at="2021-01-30T16:01:02 EET" name="UserCanRegisterSuccessfully" finished-at="2021-01-30T16:01:18 EET" duration-ms="15429" status="PASS">
          <reporter-output>
          </reporter-output>
        </test-method> <!-- UserCanRegisterSuccessfully -->
        <test-method signature="RegisteredUserCanSignOut()[pri:0, instance:tests.UserRegistrationTest@39666e42]" started-at="2021-01-30T16:01:18 EET" name="RegisteredUserCanSignOut" finished-at="2021-01-30T16:01:21 EET" depends-on-methods="tests.UserRegistrationTest.UserCanRegisterSuccessfully" duration-ms="2881" status="PASS">
          <reporter-output>
          </reporter-output>
        </test-method> <!-- RegisteredUserCanSignOut -->
        <test-method signature="RegisteredUserCanSignIn()[pri:0, instance:tests.UserRegistrationTest@39666e42]" started-at="2021-01-30T16:01:21 EET" name="RegisteredUserCanSignIn" finished-at="2021-01-30T16:01:23 EET" depends-on-methods="tests.UserRegistrationTest.RegisteredUserCanSignOut" duration-ms="2862" status="PASS">
          <reporter-output>
          </reporter-output>
        </test-method> <!-- RegisteredUserCanSignIn -->
        <test-method is-config="true" signature="StopDriver()[pri:0, instance:tests.UserRegistrationTest@39666e42]" started-at="2021-01-30T16:01:45 EET" name="StopDriver" finished-at="2021-01-30T16:01:46 EET" duration-ms="673" status="PASS">
          <reporter-output>
          </reporter-output>
        </test-method> <!-- StopDriver -->
      </class> <!-- tests.UserRegistrationTest -->
    </test> <!-- C:/Users/mayad/Desktop/VOISTask -->
  </suite> <!-- All Test Suite -->
</testng-results>
